<?xml version="1.0" encoding="UTF-8"?>
<testsuite name="com.what_plus.what_plus.WhatPlusApplicationTests" tests="1" skipped="0" failures="0" errors="0" timestamp="2024-11-22T06:02:13" hostname="Eunbis-MacBook-Air.local" time="0.379">
  <properties/>
  <testcase name="contextLoads()" classname="com.what_plus.what_plus.WhatPlusApplicationTests" time="0.379"/>
  <system-out><![CDATA[15:02:13.379 [Test worker] INFO org.springframework.test.context.support.AnnotationConfigContextLoaderUtils -- Could not detect default configuration classes for test class [com.what_plus.what_plus.WhatPlusApplicationTests]: WhatPlusApplicationTests does not declare any static, non-private, non-final, nested classes annotated with @Configuration.
15:02:13.412 [Test worker] INFO org.springframework.boot.test.context.SpringBootTestContextBootstrapper -- Found @SpringBootConfiguration com.what_plus.what_plus.WhatPlusApplication for test class com.what_plus.what_plus.WhatPlusApplicationTests

  .   ____          _            __ _ _
 /\\ / ___'_ __ _ _(_)_ __  __ _ \ \ \ \
( ( )\___ | '_ | '_| | '_ \/ _` | \ \ \ \
 \\/  ___)| |_)| | | | | || (_| |  ) ) ) )
  '  |____| .__|_| |_|_| |_\__, | / / / /
 =========|_|==============|___/=/_/_/_/

 :: Spring Boot ::                (v3.4.0)

2024-11-22T15:02:13.547+09:00  INFO 73881 --- [what-plus] [    Test worker] c.w.what_plus.WhatPlusApplicationTests   : Starting WhatPlusApplicationTests using Java 21.0.1 with PID 73881 (started by eunbison in /Users/eunbison/Desktop/what-plus)
2024-11-22T15:02:13.547+09:00  INFO 73881 --- [what-plus] [    Test worker] c.w.what_plus.WhatPlusApplicationTests   : No active profile set, falling back to 1 default profile: "default"
2024-11-22T15:02:13.907+09:00  INFO 73881 --- [what-plus] [    Test worker] c.w.what_plus.WhatPlusApplicationTests   : Started WhatPlusApplicationTests in 0.446 seconds (process running for 0.855)
]]></system-out>
  <system-err><![CDATA[Mockito is currently self-attaching to enable the inline-mock-maker. This will no longer work in future releases of the JDK. Please add Mockito as an agent to your build what is described in Mockito's documentation: https://javadoc.io/doc/org.mockito/mockito-core/latest/org/mockito/Mockito.html#0.3
WARNING: A Java agent has been loaded dynamically (/Users/eunbison/.gradle/caches/modules-2/files-2.1/net.bytebuddy/byte-buddy-agent/1.15.10/e8eb255b2c378b9a6c7341e7b0e12f0a5636377/byte-buddy-agent-1.15.10.jar)
WARNING: If a serviceability tool is in use, please run with -XX:+EnableDynamicAgentLoading to hide this warning
WARNING: If a serviceability tool is not in use, please run with -Djdk.instrument.traceUsage for more information
WARNING: Dynamic loading of agents will be disallowed by default in a future release
]]></system-err>
</testsuite>
